[Info  - 12:01:45.551] Reading sessions from keychain...
[Info  - 12:01:45.582] Getting sessions for all scopes...
[Error  - 12:01:45.582] Getting token failed: Error: The name org.freedesktop.secrets was not provided by any .service files
[Info  - 12:01:45.631] Got 0 sessions for all scopes...
[Info  - 12:01:45.688] Getting sessions for all scopes...
[Info  - 12:01:45.689] Got 0 sessions for all scopes...
[Info  - 12:02:53.175] Getting sessions for all scopes...
[Info  - 12:02:53.175] Got 0 sessions for all scopes...
[Info  - 12:02:57.12] Getting sessions for all scopes...
[Info  - 12:02:57.14] Got 0 sessions for all scopes...
[Info  - 12:02:58.785] Logging in for the following scopes: user:email
[Trace  - 12:03:11.869] Handling Uri...
[Info  - 12:03:11.870] Exchanging code for token...
[Info  - 12:03:13.7] Token exchange success!
[Info  - 12:03:13.8] Getting user info...
[Info  - 12:03:13.729] Got account info!
[Info  - 12:03:13.729] Storing 1 sessions...
[Error  - 12:03:14.421] Setting token failed: Error: The name org.freedesktop.secrets was not provided by any .service files
[Info  - 12:03:18.125] Getting sessions for all scopes...
[Info  - 12:03:18.125] Got 1 sessions for all scopes...
[Error  - 12:03:20.375] Canceled: Canceled
