[2021-10-24 20:01:38.667] [exthost] [info] extension host started
[2021-10-24 20:01:38.897] [exthost] [info] ExtensionService#_doActivateExtension vscode.microsoft-authentication, startup: false, activationEvent: 'onAuthenticationRequest:microsoft'
[2021-10-24 20:01:38.897] [exthost] [info] ExtensionService#loadCommonJSModule file:///usr/share/code/resources/app/extensions/microsoft-authentication/dist/extension.js
[2021-10-24 20:01:38.953] [exthost] [info] ExtensionService#_doActivateExtension ms-python.python, startup: false, activationEvent: 'onLanguage:python', root cause: ms-python.vscode-pylance
[2021-10-24 20:01:38.953] [exthost] [info] ExtensionService#loadCommonJSModule file:///home/ylizanicole/.vscode/extensions/ms-python.python-2021.10.1365161279/out/client/extension
[2021-10-24 20:01:39.886] [exthost] [info] ExtensionService#_doActivateExtension ms-toolsai.jupyter, startup: false, activationEvent: 'onLanguage:python'
[2021-10-24 20:01:39.886] [exthost] [info] ExtensionService#loadCommonJSModule file:///home/ylizanicole/.vscode/extensions/ms-toolsai.jupyter-2021.9.1101343141/out/client/extension
[2021-10-24 20:01:40.798] [exthost] [info] ExtensionService#_doActivateExtension vscode.debug-auto-launch, startup: true, activationEvent: '*'
[2021-10-24 20:01:40.798] [exthost] [info] ExtensionService#loadCommonJSModule file:///usr/share/code/resources/app/extensions/debug-auto-launch/dist/extension
[2021-10-24 20:01:40.816] [exthost] [info] ExtensionService#_doActivateExtension vscode.git, startup: true, activationEvent: '*', root cause: vscode.github
[2021-10-24 20:01:40.818] [exthost] [info] ExtensionService#loadCommonJSModule file:///usr/share/code/resources/app/extensions/git/dist/main
[2021-10-24 20:01:41.808] [exthost] [info] ExtensionService#_doActivateExtension vscode.github, startup: true, activationEvent: '*'
[2021-10-24 20:01:41.815] [exthost] [info] ExtensionService#loadCommonJSModule file:///usr/share/code/resources/app/extensions/github/dist/extension.js
[2021-10-24 20:01:41.959] [exthost] [info] eager extensions activated
[2021-10-24 20:01:42.065] [exthost] [info] ExtensionService#_doActivateExtension ms-vscode.js-debug, startup: false, activationEvent: 'onCommand:extension.js-debug.clearAutoAttachVariables'
[2021-10-24 20:01:42.065] [exthost] [info] ExtensionService#loadCommonJSModule file:///usr/share/code/resources/app/extensions/ms-vscode.js-debug/src/extension.js
[2021-10-24 20:01:42.411] [exthost] [info] ExtensionService#_doActivateExtension vscode.emmet, startup: false, activationEvent: 'onStartupFinished'
[2021-10-24 20:01:42.411] [exthost] [info] ExtensionService#loadCommonJSModule file:///usr/share/code/resources/app/extensions/emmet/dist/node/emmetNodeMain
[2021-10-24 20:01:42.471] [exthost] [info] ExtensionService#_doActivateExtension vscode.merge-conflict, startup: false, activationEvent: 'onStartupFinished'
[2021-10-24 20:01:42.471] [exthost] [info] ExtensionService#loadCommonJSModule file:///usr/share/code/resources/app/extensions/merge-conflict/dist/mergeConflictMain
[2021-10-24 20:01:44.773] [exthost] [info] ExtensionService#_doActivateExtension ms-toolsai.jupyter-renderers, startup: false, activationEvent: 'api', root cause: ms-toolsai.jupyter
[2021-10-24 20:01:44.774] [exthost] [info] ExtensionService#loadCommonJSModule file:///home/ylizanicole/.vscode/extensions/ms-toolsai.jupyter-renderers-1.0.3/out/extension_renderer/index.js
[2021-10-24 20:01:45.110] [exthost] [info] ExtensionService#_doActivateExtension ms-python.vscode-pylance, startup: false, activationEvent: 'onLanguage:python'
[2021-10-24 20:01:45.110] [exthost] [info] ExtensionService#loadCommonJSModule file:///home/ylizanicole/.vscode/extensions/ms-python.vscode-pylance-2021.10.2/dist/extension.bundle.js
[2021-10-24 20:01:45.509] [exthost] [info] ExtensionService#_doActivateExtension vscode.github-authentication, startup: false, activationEvent: 'onAuthenticationRequest:github'
[2021-10-24 20:01:45.509] [exthost] [info] ExtensionService#loadCommonJSModule file:///usr/share/code/resources/app/extensions/github-authentication/dist/extension.js
[2021-10-24 20:03:20.289] [exthost] [info] extension host terminating: renderer closed the socket
[2021-10-24 20:03:21.343] [exthost] [info] exiting with code 0
