[2021-10-24 19:49:16.506] [exthost] [info] extension host started
[2021-10-24 19:49:17.536] [exthost] [info] ExtensionService#_doActivateExtension vscode.microsoft-authentication, startup: false, activationEvent: 'onAuthenticationRequest:microsoft'
[2021-10-24 19:49:17.536] [exthost] [info] ExtensionService#loadCommonJSModule file:///usr/share/code/resources/app/extensions/microsoft-authentication/dist/extension.js
[2021-10-24 19:49:17.708] [exthost] [info] ExtensionService#_doActivateExtension vscode.debug-auto-launch, startup: true, activationEvent: '*'
[2021-10-24 19:49:17.708] [exthost] [info] ExtensionService#loadCommonJSModule file:///usr/share/code/resources/app/extensions/debug-auto-launch/dist/extension
[2021-10-24 19:49:17.728] [exthost] [info] ExtensionService#_doActivateExtension vscode.git, startup: true, activationEvent: '*', root cause: vscode.github
[2021-10-24 19:49:17.728] [exthost] [info] ExtensionService#loadCommonJSModule file:///usr/share/code/resources/app/extensions/git/dist/main
[2021-10-24 19:49:19.204] [exthost] [info] ExtensionService#_doActivateExtension vscode.github, startup: true, activationEvent: '*'
[2021-10-24 19:49:19.204] [exthost] [info] ExtensionService#loadCommonJSModule file:///usr/share/code/resources/app/extensions/github/dist/extension.js
[2021-10-24 19:49:19.419] [exthost] [info] eager extensions activated
[2021-10-24 19:49:19.466] [exthost] [info] ExtensionService#_doActivateExtension ms-vscode.js-debug, startup: false, activationEvent: 'onCommand:extension.js-debug.clearAutoAttachVariables'
[2021-10-24 19:49:19.466] [exthost] [info] ExtensionService#loadCommonJSModule file:///usr/share/code/resources/app/extensions/ms-vscode.js-debug/src/extension.js
[2021-10-24 19:49:20.421] [exthost] [info] ExtensionService#_doActivateExtension vscode.emmet, startup: false, activationEvent: 'onStartupFinished'
[2021-10-24 19:49:20.422] [exthost] [info] ExtensionService#loadCommonJSModule file:///usr/share/code/resources/app/extensions/emmet/dist/node/emmetNodeMain
[2021-10-24 19:49:20.510] [exthost] [info] ExtensionService#_doActivateExtension vscode.merge-conflict, startup: false, activationEvent: 'onStartupFinished'
[2021-10-24 19:49:20.510] [exthost] [info] ExtensionService#loadCommonJSModule file:///usr/share/code/resources/app/extensions/merge-conflict/dist/mergeConflictMain
[2021-10-24 19:49:21.124] [exthost] [info] ExtensionService#_doActivateExtension vscode.github-authentication, startup: false, activationEvent: 'onAuthenticationRequest:github'
[2021-10-24 19:49:21.124] [exthost] [info] ExtensionService#loadCommonJSModule file:///usr/share/code/resources/app/extensions/github-authentication/dist/extension.js
[2021-10-24 19:52:57.654] [exthost] [info] ExtensionService#_doActivateExtension ms-toolsai.jupyter, startup: false, activationEvent: 'onLanguage:python'
[2021-10-24 19:52:57.655] [exthost] [info] ExtensionService#loadCommonJSModule file:///home/ylizanicole/.vscode/extensions/ms-toolsai.jupyter-2021.9.1101343141/out/client/extension
[2021-10-24 19:52:58.301] [exthost] [info] ExtensionService#_doActivateExtension ms-python.python, startup: false, activationEvent: 'onLanguage:python'
[2021-10-24 19:52:58.302] [exthost] [info] ExtensionService#loadCommonJSModule file:///home/ylizanicole/.vscode/extensions/ms-python.python-2021.10.1365161279/out/client/extension
[2021-10-24 19:52:59.610] [exthost] [info] ExtensionService#_doActivateExtension ms-toolsai.jupyter-renderers, startup: false, activationEvent: 'api', root cause: ms-toolsai.jupyter
[2021-10-24 19:52:59.610] [exthost] [info] ExtensionService#loadCommonJSModule file:///home/ylizanicole/.vscode/extensions/ms-toolsai.jupyter-renderers-1.0.3/out/extension_renderer/index.js
[2021-10-24 19:53:00.422] [exthost] [info] ExtensionService#_doActivateExtension ms-python.vscode-pylance, startup: false, activationEvent: 'onLanguage:python'
[2021-10-24 19:53:00.422] [exthost] [info] ExtensionService#loadCommonJSModule file:///home/ylizanicole/.vscode/extensions/ms-python.vscode-pylance-2021.10.2/dist/extension.bundle.js
[2021-10-24 19:53:20.343] [exthost] [error] [ms-python.python] provider FAILED
[2021-10-24 19:53:20.343] [exthost] [error] Canceled: Canceled
	at _.makeCancelError (/home/ylizanicole/.vscode/extensions/ms-python.python-2021.10.1365161279/out/client/extension.js:9:153526)
	at _.handleFailedRequest (/home/ylizanicole/.vscode/extensions/ms-python.python-2021.10.1365161279/out/client/extension.js:9:153377)
	at /home/ylizanicole/.vscode/extensions/ms-python.python-2021.10.1365161279/out/client/extension.js:9:121238
	at runNextTicks (internal/process/task_queues.js:58:5)
	at processImmediate (internal/timers.js:434:9)
	at async T.provideCodeActions (/usr/share/code/resources/app/out/vs/workbench/services/extensions/node/extensionHostProcess.js:94:172403)
[2021-10-24 19:55:48.603] [exthost] [info] extension host terminating: renderer closed the socket
[2021-10-24 19:55:49.741] [exthost] [info] exiting with code 0
